INFO:__main__:Database connected
INFO:__main__:Bot starting...
INFO:aiogram.dispatcher:Start polling
INFO:aiogram.dispatcher:Run polling for bot @SberTeen2026_bot id=8578246681 - 'SberTeen2026'
INFO:aiogram.event:Update id=589448986 is handled. Duration 524 ms by bot id=8578246681
ERROR:aiogram.dispatcher:Failed to fetch updates - TelegramNetworkError: HTTP Client says - Request timeout error
WARNING:aiogram.dispatcher:Sleep for 1.000000 seconds and try again... (tryings = 0, bot id = 8578246681)
ERROR:aiogram.dispatcher:Failed to fetch updates - TelegramNetworkError: HTTP Client says - Request timeout error
WARNING:aiogram.dispatcher:Sleep for 1.296548 seconds and try again... (tryings = 1, bot id = 8578246681)
INFO:aiogram.dispatcher:Connection established (tryings = 2, bot id = 8578246681)
INFO:aiogram.event:Update id=589448987 is not handled. Duration 513 ms by bot id=8578246681
ERROR:aiogram.event:Cause exception while process update id=589448987 by bot id=8578246681
TelegramBadRequest: Telegram server says - Bad Request: message is not modified: specified new message content and reply markup are exactly the same as a current content and reply markup of the message
Traceback (most recent call last):
  File "/Users/vaceslavmorozov/Library/Python/3.9/lib/python/site-packages/aiogram/dispatcher/dispatcher.py", line 309, in _process_update
    response = await self.feed_update(bot, update, **kwargs)
  File "/Users/vaceslavmorozov/Library/Python/3.9/lib/python/site-packages/aiogram/dispatcher/dispatcher.py", line 158, in feed_update
    response = await self.update.wrap_outer_middleware(
  File "/Users/vaceslavmorozov/Library/Python/3.9/lib/python/site-packages/aiogram/dispatcher/middlewares/error.py", line 25, in __call__
    return await handler(event, data)
  File "/Users/vaceslavmorozov/Library/Python/3.9/lib/python/site-packages/aiogram/dispatcher/middlewares/user_context.py", line 56, in __call__
    return await handler(event, data)
  File "/Users/vaceslavmorozov/Library/Python/3.9/lib/python/site-packages/aiogram/fsm/middleware.py", line 42, in __call__
    return await handler(event, data)
  File "/Users/vaceslavmorozov/Library/Python/3.9/lib/python/site-packages/aiogram/dispatcher/event/telegram.py", line 121, in trigger
    return await wrapped_inner(event, kwargs)
  File "/Users/vaceslavmorozov/Library/Python/3.9/lib/python/site-packages/aiogram/dispatcher/event/handler.py", line 43, in call
    return await wrapped()
  File "/Users/vaceslavmorozov/Library/Python/3.9/lib/python/site-packages/aiogram/dispatcher/dispatcher.py", line 276, in _listen_update
    return await self.propagate_event(update_type=update_type, event=event, **kwargs)
  File "/Users/vaceslavmorozov/Library/Python/3.9/lib/python/site-packages/aiogram/dispatcher/router.py", line 146, in propagate_event
    return await observer.wrap_outer_middleware(_wrapped, event=event, data=kwargs)
  File "/Users/vaceslavmorozov/Library/Python/3.9/lib/python/site-packages/aiogram/dispatcher/router.py", line 141, in _wrapped
    return await self._propagate_event(
  File "/Users/vaceslavmorozov/Library/Python/3.9/lib/python/site-packages/aiogram/dispatcher/router.py", line 174, in _propagate_event
    response = await router.propagate_event(update_type=update_type, event=event, **kwargs)
  File "/Users/vaceslavmorozov/Library/Python/3.9/lib/python/site-packages/aiogram/dispatcher/router.py", line 146, in propagate_event
    return await observer.wrap_outer_middleware(_wrapped, event=event, data=kwargs)
  File "/Users/vaceslavmorozov/Library/Python/3.9/lib/python/site-packages/aiogram/dispatcher/router.py", line 141, in _wrapped
    return await self._propagate_event(
  File "/Users/vaceslavmorozov/Library/Python/3.9/lib/python/site-packages/aiogram/dispatcher/router.py", line 166, in _propagate_event
    response = await observer.trigger(event, **kwargs)
  File "/Users/vaceslavmorozov/Library/Python/3.9/lib/python/site-packages/aiogram/dispatcher/event/telegram.py", line 121, in trigger
    return await wrapped_inner(event, kwargs)
  File "/Users/vaceslavmorozov/sberteen-bot/middlewares.py", line 12, in __call__
    return await handler(event, data)
  File "/Users/vaceslavmorozov/sberteen-bot/middlewares.py", line 22, in __call__
    return await handler(event, data)
  File "/Users/vaceslavmorozov/Library/Python/3.9/lib/python/site-packages/aiogram/dispatcher/event/handler.py", line 43, in call
    return await wrapped()
  File "/Users/vaceslavmorozov/sberteen-bot/handlers/admin.py", line 72, in admin_panel
    await callback.message.edit_text(
  File "/Users/vaceslavmorozov/Library/Python/3.9/lib/python/site-packages/aiogram/methods/base.py", line 84, in emit
    return await bot(self)
  File "/Users/vaceslavmorozov/Library/Python/3.9/lib/python/site-packages/aiogram/client/bot.py", line 485, in __call__
    return await self.session(self, method, timeout=request_timeout)
  File "/Users/vaceslavmorozov/Library/Python/3.9/lib/python/site-packages/aiogram/client/session/base.py", line 254, in __call__
    return cast(TelegramType, await middleware(bot, method))
  File "/Users/vaceslavmorozov/Library/Python/3.9/lib/python/site-packages/aiogram/client/session/aiohttp.py", line 185, in make_request
    response = self.check_response(
  File "/Users/vaceslavmorozov/Library/Python/3.9/lib/python/site-packages/aiogram/client/session/base.py", line 120, in check_response
    raise TelegramBadRequest(method=method, message=description)
aiogram.exceptions.TelegramBadRequest: Telegram server says - Bad Request: message is not modified: specified new message content and reply markup are exactly the same as a current content and reply markup of the message
INFO:aiogram.event:Update id=589448988 is not handled. Duration 616 ms by bot id=8578246681
ERROR:aiogram.event:Cause exception while process update id=589448988 by bot id=8578246681
TelegramBadRequest: Telegram server says - Bad Request: query is too old and response timeout expired or query ID is invalid
Traceback (most recent call last):
  File "/Users/vaceslavmorozov/Library/Python/3.9/lib/python/site-packages/aiogram/dispatcher/dispatcher.py", line 309, in _process_update
    response = await self.feed_update(bot, update, **kwargs)
  File "/Users/vaceslavmorozov/Library/Python/3.9/lib/python/site-packages/aiogram/dispatcher/dispatcher.py", line 158, in feed_update
    response = await self.update.wrap_outer_middleware(
  File "/Users/vaceslavmorozov/Library/Python/3.9/lib/python/site-packages/aiogram/dispatcher/middlewares/error.py", line 25, in __call__
    return await handler(event, data)
  File "/Users/vaceslavmorozov/Library/Python/3.9/lib/python/site-packages/aiogram/dispatcher/middlewares/user_context.py", line 56, in __call__
    return await handler(event, data)
  File "/Users/vaceslavmorozov/Library/Python/3.9/lib/python/site-packages/aiogram/fsm/middleware.py", line 42, in __call__
    return await handler(event, data)
  File "/Users/vaceslavmorozov/Library/Python/3.9/lib/python/site-packages/aiogram/dispatcher/event/telegram.py", line 121, in trigger
    return await wrapped_inner(event, kwargs)
  File "/Users/vaceslavmorozov/Library/Python/3.9/lib/python/site-packages/aiogram/dispatcher/event/handler.py", line 43, in call
    return await wrapped()
  File "/Users/vaceslavmorozov/Library/Python/3.9/lib/python/site-packages/aiogram/dispatcher/dispatcher.py", line 276, in _listen_update
    return await self.propagate_event(update_type=update_type, event=event, **kwargs)
  File "/Users/vaceslavmorozov/Library/Python/3.9/lib/python/site-packages/aiogram/dispatcher/router.py", line 146, in propagate_event
    return await observer.wrap_outer_middleware(_wrapped, event=event, data=kwargs)
  File "/Users/vaceslavmorozov/Library/Python/3.9/lib/python/site-packages/aiogram/dispatcher/router.py", line 141, in _wrapped
    return await self._propagate_event(
  File "/Users/vaceslavmorozov/Library/Python/3.9/lib/python/site-packages/aiogram/dispatcher/router.py", line 174, in _propagate_event
    response = await router.propagate_event(update_type=update_type, event=event, **kwargs)
  File "/Users/vaceslavmorozov/Library/Python/3.9/lib/python/site-packages/aiogram/dispatcher/router.py", line 146, in propagate_event
    return await observer.wrap_outer_middleware(_wrapped, event=event, data=kwargs)
  File "/Users/vaceslavmorozov/Library/Python/3.9/lib/python/site-packages/aiogram/dispatcher/router.py", line 141, in _wrapped
    return await self._propagate_event(
  File "/Users/vaceslavmorozov/Library/Python/3.9/lib/python/site-packages/aiogram/dispatcher/router.py", line 166, in _propagate_event
    response = await observer.trigger(event, **kwargs)
  File "/Users/vaceslavmorozov/Library/Python/3.9/lib/python/site-packages/aiogram/dispatcher/event/telegram.py", line 121, in trigger
    return await wrapped_inner(event, kwargs)
  File "/Users/vaceslavmorozov/sberteen-bot/middlewares.py", line 12, in __call__
    return await handler(event, data)
  File "/Users/vaceslavmorozov/sberteen-bot/middlewares.py", line 22, in __call__
    return await handler(event, data)
  File "/Users/vaceslavmorozov/Library/Python/3.9/lib/python/site-packages/aiogram/dispatcher/event/handler.py", line 43, in call
    return await wrapped()
  File "/Users/vaceslavmorozov/sberteen-bot/handlers/admin.py", line 77, in admin_panel
    await callback.answer()
  File "/Users/vaceslavmorozov/Library/Python/3.9/lib/python/site-packages/aiogram/methods/base.py", line 84, in emit
    return await bot(self)
  File "/Users/vaceslavmorozov/Library/Python/3.9/lib/python/site-packages/aiogram/client/bot.py", line 485, in __call__
    return await self.session(self, method, timeout=request_timeout)
  File "/Users/vaceslavmorozov/Library/Python/3.9/lib/python/site-packages/aiogram/client/session/base.py", line 254, in __call__
    return cast(TelegramType, await middleware(bot, method))
  File "/Users/vaceslavmorozov/Library/Python/3.9/lib/python/site-packages/aiogram/client/session/aiohttp.py", line 185, in make_request
    response = self.check_response(
  File "/Users/vaceslavmorozov/Library/Python/3.9/lib/python/site-packages/aiogram/client/session/base.py", line 120, in check_response
    raise TelegramBadRequest(method=method, message=description)
aiogram.exceptions.TelegramBadRequest: Telegram server says - Bad Request: query is too old and response timeout expired or query ID is invalid
INFO:aiogram.event:Update id=589448989 is handled. Duration 290 ms by bot id=8578246681
INFO:aiogram.event:Update id=589448990 is handled. Duration 333 ms by bot id=8578246681
INFO:aiogram.event:Update id=589448991 is handled. Duration 382 ms by bot id=8578246681
INFO:aiogram.event:Update id=589448992 is handled. Duration 324 ms by bot id=8578246681
INFO:aiogram.event:Update id=589448993 is handled. Duration 348 ms by bot id=8578246681
INFO:aiogram.event:Update id=589448994 is handled. Duration 291 ms by bot id=8578246681
ERROR:aiogram.dispatcher:Failed to fetch updates - TelegramNetworkError: HTTP Client says - Request timeout error
WARNING:aiogram.dispatcher:Sleep for 1.000000 seconds and try again... (tryings = 0, bot id = 8578246681)
ERROR:aiogram.dispatcher:Failed to fetch updates - TelegramNetworkError: HTTP Client says - ClientConnectorError: Cannot connect to host api.telegram.org:443 ssl:default [Network is unreachable]
WARNING:aiogram.dispatcher:Sleep for 1.281515 seconds and try again... (tryings = 1, bot id = 8578246681)
ERROR:aiogram.dispatcher:Failed to fetch updates - TelegramNetworkError: HTTP Client says - ClientConnectorError: Cannot connect to host api.telegram.org:443 ssl:default [Network is unreachable]
WARNING:aiogram.dispatcher:Sleep for 1.477177 seconds and try again... (tryings = 2, bot id = 8578246681)
ERROR:aiogram.dispatcher:Failed to fetch updates - TelegramNetworkError: HTTP Client says - ClientConnectorError: Cannot connect to host api.telegram.org:443 ssl:default [Network is unreachable]
WARNING:aiogram.dispatcher:Sleep for 1.778837 seconds and try again... (tryings = 3, bot id = 8578246681)
ERROR:aiogram.dispatcher:Failed to fetch updates - TelegramNetworkError: HTTP Client says - ClientConnectorError: Cannot connect to host api.telegram.org:443 ssl:default [Network is unreachable]
WARNING:aiogram.dispatcher:Sleep for 2.296502 seconds and try again... (tryings = 4, bot id = 8578246681)
ERROR:aiogram.dispatcher:Failed to fetch updates - TelegramNetworkError: HTTP Client says - ClientConnectorError: Cannot connect to host api.telegram.org:443 ssl:default [Network is unreachable]
WARNING:aiogram.dispatcher:Sleep for 3.015387 seconds and try again... (tryings = 5, bot id = 8578246681)
ERROR:aiogram.dispatcher:Failed to fetch updates - TelegramNetworkError: HTTP Client says - ClientConnectorError: Cannot connect to host api.telegram.org:443 ssl:default [Network is unreachable]
WARNING:aiogram.dispatcher:Sleep for 3.887344 seconds and try again... (tryings = 6, bot id = 8578246681)
ERROR:aiogram.dispatcher:Failed to fetch updates - TelegramNetworkError: HTTP Client says - ClientConnectorError: Cannot connect to host api.telegram.org:443 ssl:default [Network is unreachable]
WARNING:aiogram.dispatcher:Sleep for 4.947526 seconds and try again... (tryings = 7, bot id = 8578246681)
ERROR:aiogram.dispatcher:Failed to fetch updates - TelegramNetworkError: HTTP Client says - ClientConnectorError: Cannot connect to host api.telegram.org:443 ssl:default [Network is unreachable]
WARNING:aiogram.dispatcher:Sleep for 5.010218 seconds and try again... (tryings = 8, bot id = 8578246681)
ERROR:aiogram.dispatcher:Failed to fetch updates - TelegramNetworkError: HTTP Client says - ClientConnectorError: Cannot connect to host api.telegram.org:443 ssl:default [Network is unreachable]
WARNING:aiogram.dispatcher:Sleep for 5.080618 seconds and try again... (tryings = 9, bot id = 8578246681)
ERROR:aiogram.dispatcher:Failed to fetch updates - TelegramNetworkError: HTTP Client says - ClientConnectorError: Cannot connect to host api.telegram.org:443 ssl:default [Network is unreachable]
WARNING:aiogram.dispatcher:Sleep for 4.916421 seconds and try again... (tryings = 10, bot id = 8578246681)
ERROR:aiogram.dispatcher:Failed to fetch updates - TelegramNetworkError: HTTP Client says - ClientConnectorError: Cannot connect to host api.telegram.org:443 ssl:default [Network is unreachable]
WARNING:aiogram.dispatcher:Sleep for 4.986608 seconds and try again... (tryings = 11, bot id = 8578246681)
ERROR:aiogram.dispatcher:Failed to fetch updates - TelegramNetworkError: HTTP Client says - ClientConnectorError: Cannot connect to host api.telegram.org:443 ssl:default [Network is unreachable]
WARNING:aiogram.dispatcher:Sleep for 4.869362 seconds and try again... (tryings = 12, bot id = 8578246681)
INFO:aiogram.dispatcher:Connection established (tryings = 13, bot id = 8578246681)
ERROR:aiogram.dispatcher:Failed to fetch updates - TelegramNetworkError: HTTP Client says - Request timeout error
WARNING:aiogram.dispatcher:Sleep for 1.000000 seconds and try again... (tryings = 0, bot id = 8578246681)
ERROR:aiogram.dispatcher:Failed to fetch updates - TelegramNetworkError: HTTP Client says - Request timeout error
WARNING:aiogram.dispatcher:Sleep for 1.187651 seconds and try again... (tryings = 1, bot id = 8578246681)
ERROR:aiogram.dispatcher:Failed to fetch updates - TelegramNetworkError: HTTP Client says - Request timeout error
WARNING:aiogram.dispatcher:Sleep for 1.555328 seconds and try again... (tryings = 2, bot id = 8578246681)
ERROR:aiogram.dispatcher:Failed to fetch updates - TelegramNetworkError: HTTP Client says - Request timeout error
WARNING:aiogram.dispatcher:Sleep for 1.805149 seconds and try again... (tryings = 3, bot id = 8578246681)
INFO:aiogram.dispatcher:Connection established (tryings = 4, bot id = 8578246681)
ERROR:aiogram.dispatcher:Failed to fetch updates - TelegramNetworkError: HTTP Client says - Request timeout error
WARNING:aiogram.dispatcher:Sleep for 1.000000 seconds and try again... (tryings = 0, bot id = 8578246681)
ERROR:aiogram.dispatcher:Failed to fetch updates - TelegramNetworkError: HTTP Client says - ClientConnectorError: Cannot connect to host api.telegram.org:443 ssl:default [Network is unreachable]
WARNING:aiogram.dispatcher:Sleep for 1.373123 seconds and try again... (tryings = 1, bot id = 8578246681)
ERROR:aiogram.dispatcher:Failed to fetch updates - TelegramNetworkError: HTTP Client says - ClientConnectorError: Cannot connect to host api.telegram.org:443 ssl:default [Network is unreachable]
WARNING:aiogram.dispatcher:Sleep for 1.941096 seconds and try again... (tryings = 2, bot id = 8578246681)
ERROR:aiogram.dispatcher:Failed to fetch updates - TelegramNetworkError: HTTP Client says - ClientConnectorError: Cannot connect to host api.telegram.org:443 ssl:default [Network is unreachable]
WARNING:aiogram.dispatcher:Sleep for 2.554075 seconds and try again... (tryings = 3, bot id = 8578246681)
ERROR:aiogram.dispatcher:Failed to fetch updates - TelegramNetworkError: HTTP Client says - ClientConnectorError: Cannot connect to host api.telegram.org:443 ssl:default [Network is unreachable]
WARNING:aiogram.dispatcher:Sleep for 3.239184 seconds and try again... (tryings = 4, bot id = 8578246681)
ERROR:aiogram.dispatcher:Failed to fetch updates - TelegramNetworkError: HTTP Client says - ClientConnectorError: Cannot connect to host api.telegram.org:443 ssl:default [Network is unreachable]
WARNING:aiogram.dispatcher:Sleep for 4.418097 seconds and try again... (tryings = 5, bot id = 8578246681)
ERROR:aiogram.dispatcher:Failed to fetch updates - TelegramNetworkError: HTTP Client says - ClientConnectorError: Cannot connect to host api.telegram.org:443 ssl:default [Network is unreachable]
WARNING:aiogram.dispatcher:Sleep for 5.116580 seconds and try again... (tryings = 6, bot id = 8578246681)
ERROR:aiogram.dispatcher:Failed to fetch updates - TelegramNetworkError: HTTP Client says - ClientConnectorError: Cannot connect to host api.telegram.org:443 ssl:default [Network is unreachable]
WARNING:aiogram.dispatcher:Sleep for 4.869491 seconds and try again... (tryings = 7, bot id = 8578246681)
ERROR:aiogram.dispatcher:Failed to fetch updates - TelegramNetworkError: HTTP Client says - ClientConnectorError: Cannot connect to host api.telegram.org:443 ssl:default [Network is unreachable]
WARNING:aiogram.dispatcher:Sleep for 4.882564 seconds and try again... (tryings = 8, bot id = 8578246681)
ERROR:aiogram.dispatcher:Failed to fetch updates - TelegramNetworkError: HTTP Client says - ClientConnectorError: Cannot connect to host api.telegram.org:443 ssl:default [Network is unreachable]
WARNING:aiogram.dispatcher:Sleep for 5.072484 seconds and try again... (tryings = 9, bot id = 8578246681)
ERROR:aiogram.dispatcher:Failed to fetch updates - TelegramNetworkError: HTTP Client says - ClientConnectorError: Cannot connect to host api.telegram.org:443 ssl:default [Network is unreachable]
WARNING:aiogram.dispatcher:Sleep for 5.091438 seconds and try again... (tryings = 10, bot id = 8578246681)
ERROR:aiogram.dispatcher:Failed to fetch updates - TelegramNetworkError: HTTP Client says - ClientConnectorError: Cannot connect to host api.telegram.org:443 ssl:default [Network is unreachable]
WARNING:aiogram.dispatcher:Sleep for 4.915804 seconds and try again... (tryings = 11, bot id = 8578246681)
ERROR:aiogram.dispatcher:Failed to fetch updates - TelegramNetworkError: HTTP Client says - ClientConnectorError: Cannot connect to host api.telegram.org:443 ssl:default [Network is unreachable]
WARNING:aiogram.dispatcher:Sleep for 4.857047 seconds and try again... (tryings = 12, bot id = 8578246681)
ERROR:aiogram.dispatcher:Failed to fetch updates - TelegramNetworkError: HTTP Client says - ClientConnectorError: Cannot connect to host api.telegram.org:443 ssl:default [Network is unreachable]
WARNING:aiogram.dispatcher:Sleep for 4.987459 seconds and try again... (tryings = 13, bot id = 8578246681)
INFO:aiogram.dispatcher:Connection established (tryings = 14, bot id = 8578246681)
